<?xml version="1.0" encoding="UTF-8"?><testrun name="RunnerTest (3)" project="B6_CucumberTagTest" tests="2" started="2" failures="0" errors="1" ignored="0">
  <testsuite name="testCases.RunnerTest" time="0.639">
    <testsuite name="Validate vcentry login feature of http://djangovinoth.pythonanywhere.com/login/" time="0.639">
      <testcase name="Validate vcentry login app with valid data" classname="Validate vcentry login feature of http://djangovinoth.pythonanywhere.com/login/" time="0.508"/>
      <testcase name="Validate vcentry login app with admin valid data" classname="Validate vcentry login feature of http://djangovinoth.pythonanywhere.com/login/" time="0.131">
        <error>io.cucumber.junit.UndefinedStepException: The step 'enter user name as "admin"' is undefined.
You can implement this step using the snippet(s) below:

@When("enter user name as {string}")
public void enter_user_name_as(String string) {
    // Write code here that turns the phrase above into concrete actions
    throw new io.cucumber.java.PendingException();
}
&#13;
&#13;
</error>
      </testcase>
    </testsuite>
  </testsuite>
</testrun>
