<?xml version="1.0" encoding="UTF-8"?><testrun name="RunnerTest (8)" project="B11_CucumberScreenshotTest" tests="1" started="1" failures="0" errors="1" ignored="0">
  <testsuite name="runnerTest.RunnerTest" time="8.41">
    <testsuite name="Validate vcentry login feature of http://djangovinoth.pythonanywhere.com/login/" time="8.41">
      <testcase name="Validate vcentry login app with valid data" classname="Validate vcentry login feature of http://djangovinoth.pythonanywhere.com/login/" time="8.41">
        <error>java.lang.ArithmeticException: / by zero&#13;
	at stepDefinitions.LoginPageTest.verifyUserWelcomePage(LoginPageTest.java:75)&#13;
	at âœ½.verify user welcome page(file:///C:/Vcentry/Workspace/B11_CucumberScreenshotTest/src/test/resources/features/login.feature:14)&#13;
&#13;
</error>
      </testcase>
    </testsuite>
  </testsuite>
</testrun>
