<?xml version="1.0" encoding="UTF-8"?><testrun name="RunnerTest (1)" project="B4_CucumberScenarioDataTest" tests="1" started="1" failures="0" errors="1" ignored="0">
  <testsuite name="testCases.RunnerTest" time="0.429">
    <testsuite name="Validate vcentry login feature of http://djangovinoth.pythonanywhere.com/login/" time="0.429">
      <testcase name="validate vcentry login app with valid data" classname="Validate vcentry login feature of http://djangovinoth.pythonanywhere.com/login/" time="0.429">
        <error>io.cucumber.junit.UndefinedStepException: The step 'enter username as "Amirtha"' and 1 other step(s) are undefined.
You can implement these steps using the snippet(s) below:

@When("enter username as {string}")
public void enter_username_as(String string) {
    // Write code here that turns the phrase above into concrete actions
    throw new io.cucumber.java.PendingException();
}
@When("don't click signup button")
public void don_t_click_signup_button() {
    // Write code here that turns the phrase above into concrete actions
    throw new io.cucumber.java.PendingException();
}
&#13;
&#13;
</error>
      </testcase>
    </testsuite>
  </testsuite>
</testrun>
