<?xml version="1.0" encoding="UTF-8"?>
<!-- Generated by org.testng.reporters.JUnitXMLReporter -->
<testsuite hostname="MAA125CG9425ZJD" ignored="0" name="Default test" tests="7" failures="0" timestamp="22 May 2021 08:27:45 GMT" time="0.085" errors="0">
  <testcase name="LoginDB" time="0.018" classname="keywordsTest.A5_PriorityTest"/>
  <testcase name="Openbrowsertest" time="0.002" classname="keywordsTest.A5_PriorityTest"/>
  <testcase name="Logintest" time="0.002" classname="keywordsTest.A5_PriorityTest"/>
  <testcase name="a_Searchtest" time="0.003" classname="keywordsTest.A5_PriorityTest"/>
  <testcase name="b_Searchtest" time="0.002" classname="keywordsTest.A5_PriorityTest"/>
  <testcase name="Bookingtest" time="0.001" classname="keywordsTest.A5_PriorityTest"/>
  <testcase name="Canceltest" time="0.001" classname="keywordsTest.A5_PriorityTest"/>
</testsuite> <!-- Default test -->
