<?xml version="1.0" encoding="UTF-8"?>
<!-- Generated by org.testng.reporters.JUnitXMLReporter -->
<testsuite hostname="MAA125CG9425ZJD" ignored="0" name="Invocation Count Test" tests="13" failures="0" timestamp="23 May 2021 08:16:00 GMT" time="0.047" errors="0">
  <testcase name="Logintest" time="0.002" classname="keywordsTest.A8_InvocationCountTest"/>
  <testcase name="Logintest" time="0.001" classname="keywordsTest.A8_InvocationCountTest"/>
  <testcase name="Logintest" time="0.001" classname="keywordsTest.A8_InvocationCountTest"/>
  <testcase name="Logintest" time="0.002" classname="keywordsTest.A8_InvocationCountTest"/>
  <testcase name="Logintest" time="0.002" classname="keywordsTest.A8_InvocationCountTest"/>
  <testcase name="Logintest" time="0.001" classname="keywordsTest.A8_InvocationCountTest"/>
  <testcase name="Logintest" time="0.001" classname="keywordsTest.A8_InvocationCountTest"/>
  <testcase name="Logintest" time="0.001" classname="keywordsTest.A8_InvocationCountTest"/>
  <testcase name="Logintest" time="0.002" classname="keywordsTest.A8_InvocationCountTest"/>
  <testcase name="Logintest" time="0.002" classname="keywordsTest.A8_InvocationCountTest"/>
  <testcase name="Searchtest" time="0.002" classname="keywordsTest.A8_InvocationCountTest"/>
  <testcase name="Bookingtest" time="0.001" classname="keywordsTest.A8_InvocationCountTest"/>
  <testcase name="Canceltest" time="0.002" classname="keywordsTest.A8_InvocationCountTest"/>
</testsuite> <!-- Invocation Count Test -->
