<?xml version="1.0" encoding="UTF-8"?>
<!-- Generated by org.testng.reporters.JUnitXMLReporter -->
<testsuite hostname="MAA125CG9425ZJD" ignored="2" name="search Test" tests="2" failures="0" timestamp="29 May 2021 07:29:32 GMT" time="0.066" errors="0">
  <testcase name="loginTest" time="0.015" classname="groupTest.GroupTest"/>
  <testcase name="searchTest" time="0.003" classname="groupTest.GroupTest"/>
  <testcase name="cancelTest" time="0.0" classname="groupTest.GroupTest">
    <ignored/>
  </testcase> <!-- cancelTest -->
  <testcase name="bookTest" time="0.0" classname="groupTest.GroupTest">
    <ignored/>
  </testcase> <!-- bookTest -->
</testsuite> <!-- search Test -->
