<?xml version="1.0" encoding="UTF-8"?>
<!-- Generated by org.testng.reporters.JUnitXMLReporter -->
<testsuite hostname="MAA125CG9425ZJD" ignored="0" name="Test" tests="4" failures="1" timestamp="30 May 2021 09:56:31 GMT" time="0.06" errors="0">
  <testcase name="loginTest" time="0.017" classname="failedCaseTest.A24_FailedCaseOnlyRerun"/>
  <testcase name="searchTest" time="0.002" classname="failedCaseTest.A24_FailedCaseOnlyRerun">
    <failure type="java.lang.ArithmeticException" message="/ by zero">
      <![CDATA[java.lang.ArithmeticException: / by zero
at failedCaseTest.A24_FailedCaseOnlyRerun.searchTest(A24_FailedCaseOnlyRerun.java:14)
... Removed 25 stack frames]]>
    </failure>
  </testcase> <!-- searchTest -->
  <testcase name="bookTest" time="0.001" classname="failedCaseTest.A24_FailedCaseOnlyRerun"/>
  <testcase name="cancelTest" time="0.002" classname="failedCaseTest.A24_FailedCaseOnlyRerun"/>
</testsuite> <!-- Test -->
