<?xml version="1.0" encoding="UTF-8"?>
<!-- Generated by org.testng.reporters.JUnitXMLReporter -->
<testsuite hostname="MAA125CG9425ZJD" ignored="0" name="Test" tests="12" failures="1" timestamp="23 May 2021 08:11:58 GMT" time="10.151" errors="0">
  <testcase name="loginTest" time="0.017" classname="keywordsTest.A7_DependsOnMethodTest"/>
  <testcase name="Logintest" time="0.004" classname="keywordsTest.A8_InvocationCountTest"/>
  <testcase name="Logintest" time="0.003" classname="keywordsTest.A8_InvocationCountTest"/>
  <testcase name="Logintest" time="0.003" classname="keywordsTest.A8_InvocationCountTest"/>
  <testcase name="Logintest" time="0.002" classname="keywordsTest.A8_InvocationCountTest"/>
  <testcase name="Logintest" time="0.002" classname="keywordsTest.A8_InvocationCountTest"/>
  <testcase name="Logintest" time="0.002" classname="keywordsTest.A8_InvocationCountTest"/>
  <testcase name="Logintest" time="0.004" classname="keywordsTest.A8_InvocationCountTest"/>
  <testcase name="Logintest" time="0.002" classname="keywordsTest.A8_InvocationCountTest"/>
  <testcase name="Logintest" time="0.002" classname="keywordsTest.A8_InvocationCountTest"/>
  <testcase name="Logintest" time="0.004" classname="keywordsTest.A8_InvocationCountTest"/>
  <testcase name="Logintest" time="10.022" classname="keywordsTest.A9_InvocationTimeOut">
    <failure type="org.testng.internal.thread.ThreadTimeoutException" message="Method keywordsTest.A9_InvocationTimeOut.Logintest() didn&amp;apos;t finish within the time-out 10000">
      <![CDATA[org.testng.internal.thread.ThreadTimeoutException: Method keywordsTest.A9_InvocationTimeOut.Logintest() didn't finish within the time-out 10000
at java.util.concurrent.ThreadPoolExecutor.tryTerminate(Unknown Source)
at java.util.concurrent.ThreadPoolExecutor.processWorkerExit(Unknown Source)
at java.util.concurrent.ThreadPoolExecutor.runWorker(Unknown Source)
at java.util.concurrent.ThreadPoolExecutor$Worker.run(Unknown Source)
at java.lang.Thread.run(Unknown Source)
]]>
    </failure>
  </testcase> <!-- Logintest -->
</testsuite> <!-- Test -->
