<?xml version="1.0" encoding="UTF-8"?>
<testng-results skipped="0" failed="0" ignored="0" total="1" passed="1">
  <reporter-output>
  </reporter-output>
  <suite name="Default suite" duration-ms="9944" started-at="2021-06-05T07:36:08Z" finished-at="2021-06-05T07:36:17Z">
    <groups>
    </groups>
    <test name="Default test" duration-ms="9944" started-at="2021-06-05T07:36:08Z" finished-at="2021-06-05T07:36:17Z">
      <class name="testCases.LoginPageTest">
        <test-method status="PASS" signature="validateLogin()[pri:0, instance:testCases.LoginPageTest@100fc185]" name="validateLogin" duration-ms="9910" started-at="2021-06-05T07:36:08Z" finished-at="2021-06-05T07:36:17Z">
          <reporter-output>
          </reporter-output>
        </test-method> <!-- validateLogin -->
      </class> <!-- testCases.LoginPageTest -->
    </test> <!-- Default test -->
  </suite> <!-- Default suite -->
</testng-results>
