<?xml version="1.0" encoding="UTF-8" standalone="no"?>
<testsuite errors="0" failures="1" name="io.cucumber.core.plugin.JUnitFormatter" skipped="0" tests="1" time="9.555">
<testcase classname="Validate vcentry login feature of http://djangovinoth.pythonanywhere.com/login/" name="Validate vcentry login app with valid data" time="9.342">
<failure message="/ by zero" type="java.lang.ArithmeticException"><![CDATA[Given open browser as "firefox".............................................passed
When enter url as "http://djangovinoth.pythonanywhere.com/login/"...........passed
When click login link.......................................................passed
And enter user name as "Amirtha"............................................passed
And enter password as "vcentry1"............................................passed
But dont click signup button................................................passed
When click login button.....................................................passed
Then verify user welcome page...............................................failed

StackTrace:
java.lang.ArithmeticException: / by zero
	at stepDefinitions.LoginPageTest.verifyUserWelcomePage(LoginPageTest.java:75)
	at âœ½.verify user welcome page(file:///C:/Vcentry/Workspace/B11_CucumberScreenshotTest/src/test/resources/features/login.feature:14)
]]></failure>
</testcase>
</testsuite>
