<?xml version="1.0" encoding="UTF-8"?>
<testng-results skipped="0" failed="0" ignored="0" total="3" passed="3">
  <reporter-output>
  </reporter-output>
  <suite name="Default suite" duration-ms="12273" started-at="2021-06-06T07:09:14Z" finished-at="2021-06-06T07:09:26Z">
    <groups>
    </groups>
    <test name="Default test" duration-ms="12273" started-at="2021-06-06T07:09:14Z" finished-at="2021-06-06T07:09:26Z">
      <class name="testCases.LoginPageTest">
        <test-method status="PASS" signature="validateLogin(java.lang.String, java.lang.String, java.lang.String)[pri:0, instance:testCases.LoginPageTest@2ef5e5e3]" name="validateLogin" duration-ms="4453" started-at="2021-06-06T07:09:14Z" data-provider="logindata" finished-at="2021-06-06T07:09:19Z">
          <params>
            <param index="0">
              <value>
                <![CDATA[Log In]]>
              </value>
            </param>
            <param index="1">
              <value>
                <![CDATA[Amirtha]]>
              </value>
            </param>
            <param index="2">
              <value>
                <![CDATA[vcentry1]]>
              </value>
            </param>
          </params>
          <reporter-output>
          </reporter-output>
        </test-method> <!-- validateLogin -->
        <test-method status="PASS" signature="validateLogin(java.lang.String, java.lang.String, java.lang.String)[pri:0, instance:testCases.LoginPageTest@2ef5e5e3]" name="validateLogin" duration-ms="3768" started-at="2021-06-06T07:09:19Z" data-provider="logindata" finished-at="2021-06-06T07:09:22Z">
          <params>
            <param index="0">
              <value>
                <![CDATA[Log In]]>
              </value>
            </param>
            <param index="1">
              <value>
                <![CDATA[Amirtha123]]>
              </value>
            </param>
            <param index="2">
              <value>
                <![CDATA[vcentry1]]>
              </value>
            </param>
          </params>
          <reporter-output>
          </reporter-output>
        </test-method> <!-- validateLogin -->
        <test-method status="PASS" signature="validateLogin(java.lang.String, java.lang.String, java.lang.String)[pri:0, instance:testCases.LoginPageTest@2ef5e5e3]" name="validateLogin" duration-ms="4025" started-at="2021-06-06T07:09:22Z" data-provider="logindata" finished-at="2021-06-06T07:09:26Z">
          <params>
            <param index="0">
              <value>
                <![CDATA[Log In]]>
              </value>
            </param>
            <param index="1">
              <value>
                <![CDATA[Amirtha]]>
              </value>
            </param>
            <param index="2">
              <value>
                <![CDATA[vcentry123]]>
              </value>
            </param>
          </params>
          <reporter-output>
          </reporter-output>
        </test-method> <!-- validateLogin -->
      </class> <!-- testCases.LoginPageTest -->
    </test> <!-- Default test -->
  </suite> <!-- Default suite -->
</testng-results>
