<?xml version="1.0" encoding="UTF-8"?>
<testng-results skipped="0" failed="0" ignored="0" total="1" passed="1">
  <reporter-output>
  </reporter-output>
  <suite name="Default suite" duration-ms="7173" started-at="2021-06-05T08:25:55Z" finished-at="2021-06-05T08:26:02Z">
    <groups>
    </groups>
    <test name="Default test" duration-ms="7173" started-at="2021-06-05T08:25:55Z" finished-at="2021-06-05T08:26:02Z">
      <class name="pages.LoginPageTest">
        <test-method status="PASS" signature="verifyLoginTest()[pri:0, instance:pages.LoginPageTest@100fc185]" name="verifyLoginTest" duration-ms="7135" started-at="2021-06-05T08:25:55Z" finished-at="2021-06-05T08:26:02Z">
          <reporter-output>
          </reporter-output>
        </test-method> <!-- verifyLoginTest -->
      </class> <!-- pages.LoginPageTest -->
    </test> <!-- Default test -->
  </suite> <!-- Default suite -->
</testng-results>
